<?xml version="1.0" encoding="UTF-8"?>
<testng-results total="3" passed="3" failed="0" skipped="0">
  <reporter-output>
  </reporter-output>
  <suite started-at="2025-01-23T05:24:07Z" name="Test Suite for Buildout" finished-at="2025-01-23T05:24:42Z" duration-ms="34597">
    <groups>
    </groups>
    <test started-at="2025-01-23T05:24:07Z" name="Test Cases for Buildout" finished-at="2025-01-23T05:24:42Z" duration-ms="34597">
      <class name="demo.TestCases">
        <test-method is-config="true" signature="startBrowser()[pri:0, instance:demo.TestCases@395b56bb]" started-at="2025-01-23T10:54:07Z" name="startBrowser" finished-at="2025-01-23T10:54:11Z" duration-ms="4074" status="PASS">
          <reporter-output>
          </reporter-output>
        </test-method> <!-- startBrowser -->
        <test-method signature="testCase01()[pri:0, instance:demo.TestCases@395b56bb]" started-at="2025-01-23T10:54:11Z" name="testCase01" finished-at="2025-01-23T10:54:23Z" duration-ms="11596" status="PASS">
          <reporter-output>
          </reporter-output>
        </test-method> <!-- testCase01 -->
        <test-method signature="testCase02()[pri:0, instance:demo.TestCases@395b56bb]" started-at="2025-01-23T10:54:23Z" name="testCase02" finished-at="2025-01-23T10:54:30Z" depends-on-methods="demo.TestCases.testCase01" duration-ms="6589" status="PASS">
          <reporter-output>
          </reporter-output>
        </test-method> <!-- testCase02 -->
        <test-method signature="testCase03()[pri:0, instance:demo.TestCases@395b56bb]" started-at="2025-01-23T10:54:30Z" name="testCase03" finished-at="2025-01-23T10:54:39Z" depends-on-methods="demo.TestCases.testCase02" duration-ms="9286" status="PASS">
          <reporter-output>
          </reporter-output>
        </test-method> <!-- testCase03 -->
        <test-method is-config="true" signature="endTest()[pri:0, instance:demo.TestCases@395b56bb]" started-at="2025-01-23T10:54:39Z" name="endTest" finished-at="2025-01-23T10:54:42Z" duration-ms="3022" status="PASS">
          <reporter-output>
          </reporter-output>
        </test-method> <!-- endTest -->
      </class> <!-- demo.TestCases -->
    </test> <!-- Test Cases for Buildout -->
  </suite> <!-- Test Suite for Buildout -->
</testng-results>
